--------- beginning of system
03-05 15:35:20.875  1862  2776 I ActivityManager: START u0 {act=android.intent.action.VIEW dat=http://10.130.6.62:8888/... flg=0x10000000 cmp=com.android.chrome/com.google.android.apps.chrome.Main} from uid 2000
--------- beginning of main
03-05 15:35:20.899 15143 15143 E cr_IntentUtils: getInt failed on bundle null
03-05 15:35:20.929  2403  2403 I NetworkController.WifiSignalController: Change in state to: connected=true,enabled=true,level=2,inetCondition=1,iconGroup=IconGroup(Default Wi-Fi Icons),activityIn=true,activityOut=true,rssi=-56,lteadvancedmode=0,ssid="ICT_WaveLAN",badgeEnum=0,isTransient=false,isGigaWiFi=false,isAttWifiCall=false,detailedState=CONNECTED
03-05 15:35:20.941 21014 21014 E /system/bin/webview_zygote32: failed to make and chown /acct/uid_99124: Permission denied
03-05 15:35:20.941 21014 21014 E Zygote  : createProcessGroup(99124, 0) failed: Permission denied
03-05 15:35:20.942  1862  2776 I ActivityManager: Start proc 21014:com.android.chrome:sandboxed_process5/u0i124 for webview_service com.android.chrome/org.chromium.content.app.SandboxedProcessService5
03-05 15:35:20.951 21014 21014 W /system/bin/webview_zygote32: Using default instruction set features for ARM CPU variant (cortex-a9) using conservative defaults
03-05 15:35:20.973 15143 15143 W cr_SpanAutocomplete: Did not notify - ignored.
03-05 15:35:20.975 21014 21014 I SamplingProfilerIntegration: Profiling disabled.
03-05 15:35:20.991 21027 21027 E asset   : setgid: Operation not permitted
03-05 15:35:21.014 21029 21029 E asset   : setgid: Operation not permitted
03-05 15:35:21.034 21014 21014 E asset   : AssetManager::addSystemOverlays delete oidmap
03-05 15:35:21.037 21014 21014 E asset   : AssetManager::addSystemOverlays delete oidmap
03-05 15:35:21.185 21014 21014 E Typeface: Error mapping font file /system/fonts/LGAka_Light.ttf
03-05 15:35:21.185 21014 21014 E Minikin : Could not get cmap table size!
03-05 15:35:21.185 21014 21014 E Typeface: Unable to load Family: lg-lgaka:null
03-05 15:35:21.185 21014 21014 I HyLog   : I : FontManager creation successful.
03-05 15:35:21.188 21014 21014 I HyLog   : I : Add Embedded Font Family( default_roboto ), FullPath( /system/fonts/Roboto-Regular.ttf )
03-05 15:35:21.188 21014 21014 I Typeface: Add Embedded Font (0) : default_roboto, /system/fonts/Roboto-Regular.ttf loaded.
03-05 15:35:21.190 21014 21014 I HyLog   : I : Add Embedded Font Family( lgsm ), FullPath( /system/fonts/LGSmHa_Regular.ttf )
03-05 15:35:21.190 21014 21014 I Typeface: Add Embedded Font (1) : lgsm, /system/fonts/LGSmHa_Regular.ttf loaded.
03-05 15:35:21.191 21014 21014 I HyLog   : I : Add Embedded Font Family( lgkindgothic ), FullPath( /system/fonts/HYKindGothic_Regular.ttf )
03-05 15:35:21.191 21014 21014 I Typeface: Add Embedded Font (2) : lgkindgothic, /system/fonts/HYKindGothic_Regular.ttf loaded.
03-05 15:35:21.193 21014 21014 I HyLog   : I : Add Embedded Font Family( lgfriend ), FullPath( /system/fonts/HYFriend_Regular.ttf )
03-05 15:35:21.193 21014 21014 I Typeface: Add Embedded Font (3) : lgfriend, /system/fonts/HYFriend_Regular.ttf loaded.
03-05 15:35:21.194 21014 21014 I HyLog   : I : Add Embedded Font Family( lgtravel ), FullPath( /system/fonts/HYTravel_Regular.ttf )
03-05 15:35:21.194 21014 21014 I Typeface: Add Embedded Font (4) : lgtravel, /system/fonts/HYTravel_Regular.ttf loaded.
03-05 15:35:21.196 21014 21014 I HyLog   : I : Add Embedded Font Family( lgyoyo ), FullPath( /system/fonts/HYYoyo_Regular.ttf )
03-05 15:35:21.196 21014 21014 I Typeface: Add Embedded Font (5) : lgyoyo, /system/fonts/HYYoyo_Regular.ttf loaded.
03-05 15:35:21.196 21014 21014 I Typeface: Boot DefaultTypeface ( default_roboto )
03-05 15:35:21.208 21014 21014 I cr_ChildProcessService: Creating new ChildProcessService pid=21014
03-05 15:35:21.213 21014 21014 E WebViewFactory: can't load with relro file; address space not reserved
03-05 15:35:21.259 21014 21031 I cr_LibraryLoader: Time to load native libraries: 1 ms (timestamps 8417-8418)
03-05 15:35:21.260 21014 21031 I chromium: [INFO:library_loader_hooks.cc(36)] Chromium logging enabled: level = 0, default verbosity = 0
03-05 15:35:21.260 21014 21031 I cr_LibraryLoader: Expected native library version number "71.0.3578.99", actual native library version number "71.0.3578.99"
03-05 15:35:22.560   825   944 W HWComposer: Ignoring duplicate VSYNC event from HWC (t=39439757358000)
03-05 15:35:22.935  2403  2403 I NetworkController.WifiSignalController: Change in state to: connected=true,enabled=true,level=2,inetCondition=1,iconGroup=IconGroup(Default Wi-Fi Icons),activityIn=false,activityOut=true,rssi=-56,lteadvancedmode=0,ssid="ICT_WaveLAN",badgeEnum=0,isTransient=false,isGigaWiFi=false,isAttWifiCall=false,detailedState=CONNECTED
03-05 15:35:24.164   825   944 W HWComposer: Ignoring duplicate VSYNC event from HWC (t=39441361891000)
03-05 15:35:24.290 16658 20956 W YouTube : Could not register for notifications with InnerTube: 
03-05 15:35:24.290 16658 20956 W YouTube : yob: java.util.concurrent.ExecutionException: bit: awzq: Exception in CronetUrlRequest: net::ERR_QUIC_PROTOCOL_ERROR, ErrorCode=10, InternalErrorCode=-356, Retryable=false, QuicDetailedErrorCode=25
03-05 15:35:24.290 16658 20956 W YouTube : 	at ynr.b(SourceFile:20)
03-05 15:35:24.290 16658 20956 W YouTube : 	at adno.d(SourceFile:125)
03-05 15:35:24.290 16658 20956 W YouTube : 	at adnp.run(SourceFile:4)
03-05 15:35:24.290 16658 20956 W YouTube : 	at java.util.concurrent.Executors$RunnableAdapter.call(Executors.java:457)
03-05 15:35:24.290 16658 20956 W YouTube : 	at java.util.concurrent.FutureTask.run(FutureTask.java:266)
03-05 15:35:24.290 16658 20956 W YouTube : 	at java.util.concurrent.ScheduledThreadPoolExecutor$ScheduledFutureTask.run(ScheduledThreadPoolExecutor.java:301)
03-05 15:35:24.290 16658 20956 W YouTube : 	at java.util.concurrent.ThreadPoolExecutor.runWorker(ThreadPoolExecutor.java:1162)
03-05 15:35:24.290 16658 20956 W YouTube : 	at java.util.concurrent.ThreadPoolExecutor$Worker.run(ThreadPoolExecutor.java:636)
03-05 15:35:24.290 16658 20956 W YouTube : 	at vcy.run(SourceFile:12)
03-05 15:35:24.290 16658 20956 W YouTube : 	at java.lang.Thread.run(Thread.java:764)
03-05 15:35:24.290 16658 20956 W YouTube : Caused by: java.util.concurrent.ExecutionException: bit: awzq: Exception in CronetUrlRequest: net::ERR_QUIC_PROTOCOL_ERROR, ErrorCode=10, InternalErrorCode=-356, Retryable=false, QuicDetailedErrorCode=25
03-05 15:35:24.290 16658 20956 W YouTube : 	at ancz.b(SourceFile:105)
03-05 15:35:24.290 16658 20956 W YouTube : 	at ancz.get(SourceFile:92)
03-05 15:35:24.290 16658 20956 W YouTube : 	at ynr.b(SourceFile:19)
03-05 15:35:24.290 16658 20956 W YouTube : 	... 9 more
03-05 15:35:24.290 16658 20956 W YouTube : Caused by: bit: awzq: Exception in CronetUrlRequest: net::ERR_QUIC_PROTOCOL_ERROR, ErrorCode=10, InternalErrorCode=-356, Retryable=false, QuicDetailedErrorCode=25
03-05 15:35:24.290 16658 20956 W YouTube : 	at vnk.a(SourceFile:171)
03-05 15:35:24.290 16658 20956 W YouTube : 	at vml.run(Unknown Source:2)
03-05 15:35:24.290 16658 20956 W YouTube : 	... 4 more
03-05 15:35:24.290 16658 20956 W YouTube : Caused by: awzq: Exception in CronetUrlRequest: net::ERR_QUIC_PROTOCOL_ERROR, ErrorCode=10, InternalErrorCode=-356, Retryable=false, QuicDetailedErrorCode=25
03-05 15:35:24.290 16658 20956 W YouTube : 	at org.chromium.net.impl.CronetUrlRequest.onError(SourceFile:177)
