--------- beginning of main
03-05 15:35:31.445 16658 20956 W YouTube : Could not register for notifications with InnerTube: 
03-05 15:35:31.445 16658 20956 W YouTube : yob: java.util.concurrent.ExecutionException: bit: awzq: Exception in CronetUrlRequest: net::ERR_QUIC_PROTOCOL_ERROR, ErrorCode=10, InternalErrorCode=-356, Retryable=false, QuicDetailedErrorCode=25
03-05 15:35:31.445 16658 20956 W YouTube : 	at ynr.b(SourceFile:20)
03-05 15:35:31.445 16658 20956 W YouTube : 	at adno.d(SourceFile:125)
03-05 15:35:31.445 16658 20956 W YouTube : 	at adnp.run(SourceFile:4)
03-05 15:35:31.445 16658 20956 W YouTube : 	at java.util.concurrent.Executors$RunnableAdapter.call(Executors.java:457)
03-05 15:35:31.445 16658 20956 W YouTube : 	at java.util.concurrent.FutureTask.run(FutureTask.java:266)
03-05 15:35:31.445 16658 20956 W YouTube : 	at java.util.concurrent.ScheduledThreadPoolExecutor$ScheduledFutureTask.run(ScheduledThreadPoolExecutor.java:301)
03-05 15:35:31.445 16658 20956 W YouTube : 	at java.util.concurrent.ThreadPoolExecutor.runWorker(ThreadPoolExecutor.java:1162)
03-05 15:35:31.445 16658 20956 W YouTube : 	at java.util.concurrent.ThreadPoolExecutor$Worker.run(ThreadPoolExecutor.java:636)
03-05 15:35:31.445 16658 20956 W YouTube : 	at vcy.run(SourceFile:12)
03-05 15:35:31.445 16658 20956 W YouTube : 	at java.lang.Thread.run(Thread.java:764)
03-05 15:35:31.445 16658 20956 W YouTube : Caused by: java.util.concurrent.ExecutionException: bit: awzq: Exception in CronetUrlRequest: net::ERR_QUIC_PROTOCOL_ERROR, ErrorCode=10, InternalErrorCode=-356, Retryable=false, QuicDetailedErrorCode=25
03-05 15:35:31.445 16658 20956 W YouTube : 	at ancz.b(SourceFile:105)
03-05 15:35:31.445 16658 20956 W YouTube : 	at ancz.get(SourceFile:92)
03-05 15:35:31.445 16658 20956 W YouTube : 	at ynr.b(SourceFile:19)
03-05 15:35:31.445 16658 20956 W YouTube : 	... 9 more
03-05 15:35:31.445 16658 20956 W YouTube : Caused by: bit: awzq: Exception in CronetUrlRequest: net::ERR_QUIC_PROTOCOL_ERROR, ErrorCode=10, InternalErrorCode=-356, Retryable=false, QuicDetailedErrorCode=25
03-05 15:35:31.445 16658 20956 W YouTube : 	at vnk.a(SourceFile:171)
03-05 15:35:31.445 16658 20956 W YouTube : 	at vml.run(Unknown Source:2)
03-05 15:35:31.445 16658 20956 W YouTube : 	... 4 more
03-05 15:35:31.445 16658 20956 W YouTube : Caused by: awzq: Exception in CronetUrlRequest: net::ERR_QUIC_PROTOCOL_ERROR, ErrorCode=10, InternalErrorCode=-356, Retryable=false, QuicDetailedErrorCode=25
03-05 15:35:31.445 16658 20956 W YouTube : 	at org.chromium.net.impl.CronetUrlRequest.onError(SourceFile:177)
--------- beginning of system
03-05 15:35:31.455  1862  2389 I ActivityManager: START u0 {act=android.intent.action.VIEW dat=http://10.130.6.62:8888/... flg=0x10000000 cmp=com.android.chrome/com.google.android.apps.chrome.Main} from uid 2000
03-05 15:35:31.478 15143 15143 E cr_IntentUtils: getInt failed on bundle null
03-05 15:35:31.510 21124 21124 E /system/bin/webview_zygote32: failed to make and chown /acct/uid_99126: Permission denied
03-05 15:35:31.510 21124 21124 E Zygote  : createProcessGroup(99126, 0) failed: Permission denied
03-05 15:35:31.511  1862  3612 I ActivityManager: Start proc 21124:com.android.chrome:sandboxed_process7/u0i126 for webview_service com.android.chrome/org.chromium.content.app.SandboxedProcessService7
03-05 15:35:31.524 21124 21124 W /system/bin/webview_zygote32: Using default instruction set features for ARM CPU variant (cortex-a9) using conservative defaults
03-05 15:35:31.537 15143 15143 W cr_SpanAutocomplete: Did not notify - ignored.
03-05 15:35:31.545 21124 21124 I SamplingProfilerIntegration: Profiling disabled.
03-05 15:35:31.563 21137 21137 E asset   : setgid: Operation not permitted
03-05 15:35:31.587 21139 21139 E asset   : setgid: Operation not permitted
03-05 15:35:31.609 21124 21124 E asset   : AssetManager::addSystemOverlays delete oidmap
03-05 15:35:31.612 21124 21124 E asset   : AssetManager::addSystemOverlays delete oidmap
03-05 15:35:31.764 21124 21124 E Typeface: Error mapping font file /system/fonts/LGAka_Light.ttf
03-05 15:35:31.764 21124 21124 E Minikin : Could not get cmap table size!
03-05 15:35:31.764 21124 21124 E Typeface: Unable to load Family: lg-lgaka:null
03-05 15:35:31.764 21124 21124 I HyLog   : I : FontManager creation successful.
03-05 15:35:31.766 21124 21124 I HyLog   : I : Add Embedded Font Family( default_roboto ), FullPath( /system/fonts/Roboto-Regular.ttf )
03-05 15:35:31.766 21124 21124 I Typeface: Add Embedded Font (0) : default_roboto, /system/fonts/Roboto-Regular.ttf loaded.
03-05 15:35:31.768 21124 21124 I HyLog   : I : Add Embedded Font Family( lgsm ), FullPath( /system/fonts/LGSmHa_Regular.ttf )
03-05 15:35:31.768 21124 21124 I Typeface: Add Embedded Font (1) : lgsm, /system/fonts/LGSmHa_Regular.ttf loaded.
03-05 15:35:31.770 21124 21124 I HyLog   : I : Add Embedded Font Family( lgkindgothic ), FullPath( /system/fonts/HYKindGothic_Regular.ttf )
03-05 15:35:31.770 21124 21124 I Typeface: Add Embedded Font (2) : lgkindgothic, /system/fonts/HYKindGothic_Regular.ttf loaded.
03-05 15:35:31.771 21124 21124 I HyLog   : I : Add Embedded Font Family( lgfriend ), FullPath( /system/fonts/HYFriend_Regular.ttf )
03-05 15:35:31.771 21124 21124 I Typeface: Add Embedded Font (3) : lgfriend, /system/fonts/HYFriend_Regular.ttf loaded.
03-05 15:35:31.773 21124 21124 I HyLog   : I : Add Embedded Font Family( lgtravel ), FullPath( /system/fonts/HYTravel_Regular.ttf )
03-05 15:35:31.773 21124 21124 I Typeface: Add Embedded Font (4) : lgtravel, /system/fonts/HYTravel_Regular.ttf loaded.
03-05 15:35:31.774 21124 21124 I HyLog   : I : Add Embedded Font Family( lgyoyo ), FullPath( /system/fonts/HYYoyo_Regular.ttf )
03-05 15:35:31.774 21124 21124 I Typeface: Add Embedded Font (5) : lgyoyo, /system/fonts/HYYoyo_Regular.ttf loaded.
03-05 15:35:31.774 21124 21124 I Typeface: Boot DefaultTypeface ( default_roboto )
03-05 15:35:31.785 21124 21124 I cr_ChildProcessService: Creating new ChildProcessService pid=21124
03-05 15:35:31.793 21124 21124 E WebViewFactory: can't load with relro file; address space not reserved
03-05 15:35:31.801  1862  1934 W DisplayPowerControllerEx: updatePowerState() : mPowerRequest.policy = 3, mRequestPolicy = 2, mPowerState.getColorFadeLevel() = 1.0, mPowerState.getScreenState() = 2, mPowerState.getScreenBrightness() = 144, mPendingUpdatePowerState = false, mIsFinishDrawBasicInfo = false
03-05 15:35:31.801  1862  1934 I DisplayPowerControllerEx: setScreenState : set interactive (main,sub) to (true,true)
03-05 15:35:31.840 21124 21141 I cr_LibraryLoader: Time to load native libraries: 1 ms (timestamps 8997-8998)
03-05 15:35:31.843 21124 21141 I chromium: [INFO:library_loader_hooks.cc(36)] Chromium logging enabled: level = 0, default verbosity = 0
03-05 15:35:31.843 21124 21141 I cr_LibraryLoader: Expected native library version number "71.0.3578.99", actual native library version number "71.0.3578.99"
03-05 15:35:32.141  1862  1934 W DisplayPowerControllerEx: updatePowerState() : mPowerRequest.policy = 2, mRequestPolicy = 2, mPowerState.getColorFadeLevel() = 1.0, mPowerState.getScreenState() = 2, mPowerState.getScreenBrightness() = 10, mPendingUpdatePowerState = false, mIsFinishDrawBasicInfo = false
03-05 15:35:32.142  1862  1934 I DisplayPowerControllerEx: setScreenState : set interactive (main,sub) to (true,true)
03-05 15:35:34.301 15143 15224 W chromium: [WARNING:monitor.cc(420)] Request to https://beacons.gcp.gvt2.com/domainreliability/upload had (at least) two NEL headers: "{"failure_fraction":1" and ""include_subdomains":false".
