--------- beginning of system
03-05 15:34:38.512  1862  3717 I ActivityManager: START u0 {act=android.intent.action.VIEW dat=http://10.130.6.62:8888/... flg=0x10000000 cmp=com.android.chrome/com.google.android.apps.chrome.Main} from uid 2000
--------- beginning of main
03-05 15:34:38.543 15143 15143 E cr_IntentUtils: getInt failed on bundle null
03-05 15:34:38.581 20615 20615 E /system/bin/webview_zygote32: failed to make and chown /acct/uid_99117: Permission denied
03-05 15:34:38.581 20615 20615 E Zygote  : createProcessGroup(99117, 0) failed: Permission denied
03-05 15:34:38.584  1862  3582 I ActivityManager: Start proc 20615:com.android.chrome:sandboxed_process34/u0i117 for webview_service com.android.chrome/org.chromium.content.app.SandboxedProcessService34
03-05 15:34:38.603 20615 20615 W /system/bin/webview_zygote32: Using default instruction set features for ARM CPU variant (cortex-a9) using conservative defaults
03-05 15:34:38.604 15143 15143 W cr_SpanAutocomplete: Did not notify - ignored.
03-05 15:34:38.618 20615 20615 I SamplingProfilerIntegration: Profiling disabled.
03-05 15:34:38.632 20628 20628 E asset   : setgid: Operation not permitted
03-05 15:34:38.657 20630 20630 E asset   : setgid: Operation not permitted
03-05 15:34:38.674 20615 20615 E asset   : AssetManager::addSystemOverlays delete oidmap
03-05 15:34:38.677 20615 20615 E asset   : AssetManager::addSystemOverlays delete oidmap
03-05 15:34:38.822 20615 20615 E Typeface: Error mapping font file /system/fonts/LGAka_Light.ttf
03-05 15:34:38.822 20615 20615 E Minikin : Could not get cmap table size!
03-05 15:34:38.822 20615 20615 E Typeface: Unable to load Family: lg-lgaka:null
03-05 15:34:38.822 20615 20615 I HyLog   : I : FontManager creation successful.
03-05 15:34:38.824 20615 20615 I HyLog   : I : Add Embedded Font Family( default_roboto ), FullPath( /system/fonts/Roboto-Regular.ttf )
03-05 15:34:38.824 20615 20615 I Typeface: Add Embedded Font (0) : default_roboto, /system/fonts/Roboto-Regular.ttf loaded.
03-05 15:34:38.826 20615 20615 I HyLog   : I : Add Embedded Font Family( lgsm ), FullPath( /system/fonts/LGSmHa_Regular.ttf )
03-05 15:34:38.826 20615 20615 I Typeface: Add Embedded Font (1) : lgsm, /system/fonts/LGSmHa_Regular.ttf loaded.
03-05 15:34:38.827 20615 20615 I HyLog   : I : Add Embedded Font Family( lgkindgothic ), FullPath( /system/fonts/HYKindGothic_Regular.ttf )
03-05 15:34:38.827 20615 20615 I Typeface: Add Embedded Font (2) : lgkindgothic, /system/fonts/HYKindGothic_Regular.ttf loaded.
03-05 15:34:38.829 20615 20615 I HyLog   : I : Add Embedded Font Family( lgfriend ), FullPath( /system/fonts/HYFriend_Regular.ttf )
03-05 15:34:38.829 20615 20615 I Typeface: Add Embedded Font (3) : lgfriend, /system/fonts/HYFriend_Regular.ttf loaded.
03-05 15:34:38.830 20615 20615 I HyLog   : I : Add Embedded Font Family( lgtravel ), FullPath( /system/fonts/HYTravel_Regular.ttf )
03-05 15:34:38.830 20615 20615 I Typeface: Add Embedded Font (4) : lgtravel, /system/fonts/HYTravel_Regular.ttf loaded.
03-05 15:34:38.832 20615 20615 I HyLog   : I : Add Embedded Font Family( lgyoyo ), FullPath( /system/fonts/HYYoyo_Regular.ttf )
03-05 15:34:38.832 20615 20615 I Typeface: Add Embedded Font (5) : lgyoyo, /system/fonts/HYYoyo_Regular.ttf loaded.
03-05 15:34:38.832 20615 20615 I Typeface: Boot DefaultTypeface ( default_roboto )
03-05 15:34:38.843 20615 20615 I cr_ChildProcessService: Creating new ChildProcessService pid=20615
03-05 15:34:38.852 20615 20615 E WebViewFactory: can't load with relro file; address space not reserved
03-05 15:34:38.901 20615 20633 I cr_LibraryLoader: Time to load native libraries: 1 ms (timestamps 6053-6054)
03-05 15:34:38.903 20615 20633 I chromium: [INFO:library_loader_hooks.cc(36)] Chromium logging enabled: level = 0, default verbosity = 0
03-05 15:34:38.904 20615 20633 I cr_LibraryLoader: Expected native library version number "71.0.3578.99", actual native library version number "71.0.3578.99"
03-05 15:34:39.195  2403  2631 I NetworkController: onReceive: intent=Intent { act=android.net.wifi.RSSI_CHANGED flg=0x4000010 (has extras) }
03-05 15:34:39.195  2702  2847 W QCNEJ   : |CORE| notifyWifiStatusChanged failed
03-05 15:34:39.196  2403  2631 I LGWifiStatusTracker: Wifi connected = true, Wifi level = 3
03-05 15:34:39.196  2403  2631 I NetworkController.WifiSignalController: mCurrentState.enabled = true, mCurrentState.connected = true, mCurrentState.detailedState = CONNECTED, mCurrentState.inetCondition = 1
03-05 15:34:39.196  2403  2631 I NetworkController.WifiSignalController: Change in state to: connected=true,enabled=true,level=3,inetCondition=1,iconGroup=IconGroup(Default Wi-Fi Icons),activityIn=true,activityOut=true,rssi=-55,lteadvancedmode=0,ssid="ICT_WaveLAN",badgeEnum=0,isTransient=false,isGigaWiFi=false,isAttWifiCall=false,detailedState=CONNECTED
03-05 15:34:39.213  5196  5262 I CarrierServices: [202] bxx.a: FiST: Wifi connectivity status true
03-05 15:34:39.216  5196  5262 I CarrierServices: [202] byc.d: Connected state: [1], networkType: [WIFI]
03-05 15:34:39.219  5196  5356 I CarrierServices: [223] dby.a: CarrierServices.apk is not sim call manager. Not enabling MMTel.
03-05 15:34:39.220  5196  5356 I CarrierServices: [223] bdq.run: (MMTel): : Ignoring Network Change based on IMS preferences
03-05 15:34:39.956   825   944 W HWComposer: Ignoring duplicate VSYNC event from HWC (t=39397153548000)
03-05 15:34:42.358  1479  1479 E MSM-irqbalance: IRQ 82 not found in internal structure or should be ignored
03-05 15:34:42.906  2403  2403 I NetworkController.WifiSignalController: Change in state to: connected=true,enabled=true,level=3,inetCondition=1,iconGroup=IconGroup(Default Wi-Fi Icons),activityIn=false,activityOut=true,rssi=-55,lteadvancedmode=0,ssid="ICT_WaveLAN",badgeEnum=0,isTransient=false,isGigaWiFi=false,isAttWifiCall=false,detailedState=CONNECTED
