--------- beginning of system
03-05 17:20:46.163  1862  3706 I ActivityManager: START u0 {act=android.intent.action.VIEW dat=http://10.130.6.62:8888/... flg=0x10000000 cmp=com.android.chrome/com.google.android.apps.chrome.Main (has extras)} from uid 2000
--------- beginning of main
03-05 17:20:46.230 28655 28655 E /system/bin/webview_zygote32: failed to make and chown /acct/uid_99180: Permission denied
03-05 17:20:46.230 28655 28655 E Zygote  : createProcessGroup(99180, 0) failed: Permission denied
03-05 17:20:46.231  1862  3716 I ActivityManager: Start proc 28655:com.android.chrome:sandboxed_process15/u0i180 for webview_service com.android.chrome/org.chromium.content.app.SandboxedProcessService15
03-05 17:20:46.240 28655 28655 W /system/bin/webview_zygote32: Using default instruction set features for ARM CPU variant (cortex-a9) using conservative defaults
03-05 17:20:46.255 27240 27240 W cr_SpanAutocomplete: Did not notify - ignored.
03-05 17:20:46.258 28655 28655 I SamplingProfilerIntegration: Profiling disabled.
03-05 17:20:46.273 28668 28668 E asset   : setgid: Operation not permitted
03-05 17:20:46.273  1862  3665 I MediaFocusControl:  AudioFocus  abandonAudioFocus() from uid/pid 10205/27240 clientId=android.media.AudioManagerEx@ed15837org.chromium.content.browser.AudioFocusDelegate@6c29f35
03-05 17:20:46.305 28670 28670 E asset   : setgid: Operation not permitted
03-05 17:20:46.309  1862  1924 W zygote64: failed to open /acct/uid_99179/pid_28612/cgroup.procs: No such file or directory
03-05 17:20:46.309  1862  3716 I ActivityManager: Process com.android.chrome:sandboxed_process14 (pid 28612) has died: vis  TOP 
03-05 17:20:46.310  1862  3716 W ActivityManager: Scheduling restart of crashed service com.android.chrome/org.chromium.content.app.SandboxedProcessService14 in 1000ms
03-05 17:20:46.311 27240 27273 W cr_ChildProcessConn: onServiceDisconnected (crash or killed by oom): pid=28612
03-05 17:20:46.315 27240 27273 W cr_ChildProcessConn: The connection is not bound for 28612
03-05 17:20:46.331 28655 28655 E asset   : AssetManager::addSystemOverlays delete oidmap
03-05 17:20:46.334 28655 28655 E asset   : AssetManager::addSystemOverlays delete oidmap
03-05 17:20:46.508 28655 28655 E Typeface: Error mapping font file /system/fonts/LGAka_Light.ttf
03-05 17:20:46.508 28655 28655 E Minikin : Could not get cmap table size!
03-05 17:20:46.508 28655 28655 E Typeface: Unable to load Family: lg-lgaka:null
03-05 17:20:46.508 28655 28655 I HyLog   : I : FontManager creation successful.
03-05 17:20:46.510 28655 28655 I HyLog   : I : Add Embedded Font Family( default_roboto ), FullPath( /system/fonts/Roboto-Regular.ttf )
03-05 17:20:46.510 28655 28655 I Typeface: Add Embedded Font (0) : default_roboto, /system/fonts/Roboto-Regular.ttf loaded.
03-05 17:20:46.512 28655 28655 I HyLog   : I : Add Embedded Font Family( lgsm ), FullPath( /system/fonts/LGSmHa_Regular.ttf )
03-05 17:20:46.512 28655 28655 I Typeface: Add Embedded Font (1) : lgsm, /system/fonts/LGSmHa_Regular.ttf loaded.
03-05 17:20:46.514 28655 28655 I HyLog   : I : Add Embedded Font Family( lgkindgothic ), FullPath( /system/fonts/HYKindGothic_Regular.ttf )
03-05 17:20:46.514 28655 28655 I Typeface: Add Embedded Font (2) : lgkindgothic, /system/fonts/HYKindGothic_Regular.ttf loaded.
03-05 17:20:46.515 28655 28655 I HyLog   : I : Add Embedded Font Family( lgfriend ), FullPath( /system/fonts/HYFriend_Regular.ttf )
03-05 17:20:46.515 28655 28655 I Typeface: Add Embedded Font (3) : lgfriend, /system/fonts/HYFriend_Regular.ttf loaded.
03-05 17:20:46.516 28655 28655 I HyLog   : I : Add Embedded Font Family( lgtravel ), FullPath( /system/fonts/HYTravel_Regular.ttf )
03-05 17:20:46.516 28655 28655 I Typeface: Add Embedded Font (4) : lgtravel, /system/fonts/HYTravel_Regular.ttf loaded.
03-05 17:20:46.518 28655 28655 I HyLog   : I : Add Embedded Font Family( lgyoyo ), FullPath( /system/fonts/HYYoyo_Regular.ttf )
03-05 17:20:46.518 28655 28655 I Typeface: Add Embedded Font (5) : lgyoyo, /system/fonts/HYYoyo_Regular.ttf loaded.
03-05 17:20:46.518 28655 28655 I Typeface: Boot DefaultTypeface ( default_roboto )
03-05 17:20:46.529 28655 28655 I cr_ChildProcessService: Creating new ChildProcessService pid=28655
03-05 17:20:46.533 28655 28655 E WebViewFactory: can't load with relro file; address space not reserved
03-05 17:20:46.579 28655 28674 I cr_LibraryLoader: Time to load native libraries: 0 ms (timestamps 3737-3737)
03-05 17:20:46.583 28655 28674 I chromium: [INFO:library_loader_hooks.cc(36)] Chromium logging enabled: level = 0, default verbosity = 0
03-05 17:20:46.583 28655 28674 I cr_LibraryLoader: Expected native library version number "71.0.3578.99", actual native library version number "71.0.3578.99"
03-05 17:20:47.850  3753 28690 I Authzen : [DeviceStateSyncManager] The server is in sync with current state. Nothing to do
03-05 17:20:48.633  2403  2403 I NetworkController.WifiSignalController: Change in state to: connected=true,enabled=true,level=3,inetCondition=1,iconGroup=IconGroup(Default Wi-Fi Icons),activityIn=false,activityOut=true,rssi=-55,lteadvancedmode=0,ssid="ICT_WaveLAN",badgeEnum=0,isTransient=false,isGigaWiFi=false,isAttWifiCall=false,detailedState=CONNECTED
03-05 17:20:49.635  2403  2403 I NetworkController.WifiSignalController: Change in state to: connected=true,enabled=true,level=3,inetCondition=1,iconGroup=IconGroup(Default Wi-Fi Icons),activityIn=true,activityOut=true,rssi=-55,lteadvancedmode=0,ssid="ICT_WaveLAN",badgeEnum=0,isTransient=false,isGigaWiFi=false,isAttWifiCall=false,detailedState=CONNECTED
03-05 17:20:50.488  1479  1479 E MSM-irqbalance: IRQ 82 not found in internal structure or should be ignored
03-05 17:20:50.638  2403  2403 I NetworkController.WifiSignalController: Change in state to: connected=true,enabled=true,level=3,inetCondition=1,iconGroup=IconGroup(Default Wi-Fi Icons),activityIn=false,activityOut=true,rssi=-55,lteadvancedmode=0,ssid="ICT_WaveLAN",badgeEnum=0,isTransient=false,isGigaWiFi=false,isAttWifiCall=false,detailedState=CONNECTED
03-05 17:20:50.730  2702  2847 W QCNEJ   : |CORE| notifyWifiStatusChanged failed
03-05 17:20:50.731  2403  2631 I NetworkController: onReceive: intent=Intent { act=android.net.wifi.RSSI_CHANGED flg=0x4000010 (has extras) }
03-05 17:20:50.733  2403  2631 I LGWifiStatusTracker: Wifi connected = true, Wifi level = 2
03-05 17:20:50.733  2403  2631 I NetworkController.WifiSignalController: mCurrentState.enabled = true, mCurrentState.connected = true, mCurrentState.detailedState = CONNECTED, mCurrentState.inetCondition = 1
03-05 17:20:50.733  2403  2631 I NetworkController.WifiSignalController: Change in state to: connected=true,enabled=true,level=2,inetCondition=1,iconGroup=IconGroup(Default Wi-Fi Icons),activityIn=false,activityOut=true,rssi=-57,lteadvancedmode=0,ssid="ICT_WaveLAN",badgeEnum=0,isTransient=false,isGigaWiFi=false,isAttWifiCall=false,detailedState=CONNECTED
03-05 17:20:50.738  5196  5262 I CarrierServices: [202] bxx.a: FiST: Wifi connectivity status true
03-05 17:20:50.739  5196  5262 I CarrierServices: [202] byc.d: Connected state: [1], networkType: [WIFI]
03-05 17:20:50.740  5196  5356 I CarrierServices: [223] dby.a: CarrierServices.apk is not sim call manager. Not enabling MMTel.
03-05 17:20:50.740  5196  5356 I CarrierServices: [223] bdq.run: (MMTel): : Ignoring Network Change based on IMS preferences
